# JRE version: OpenJDK Runtime Environment (8.0_362-b09) (build 1.8.0_362-b09)
# Java VM: OpenJDK 64-Bit Server VM (25.362-b09 mixed mode windows-amd64 compressed oops)
Heap:
 PSYoungGen      total 514048K, used 67045K [0x00000000d5580000, 0x0000000100000000, 0x0000000100000000)
  eden space 446976K, 0% used [0x00000000d5580000,0x00000000d5580000,0x00000000f0a00000)
  from space 67072K, 99% used [0x00000000fbe80000,0x00000000ffff95c0,0x0000000100000000)
  to   space 125952K, 0% used [0x00000000f0a00000,0x00000000f0a00000,0x00000000f8500000)
 ParOldGen       total 437248K, used 436778K [0x0000000080000000, 0x000000009ab00000, 0x00000000d5580000)
  object space 437248K, 99% used [0x0000000080000000,0x000000009aa8aa80,0x000000009ab00000)
 Metaspace       used 113219K, capacity 121544K, committed 124032K, reserved 1157120K
  class space    used 14456K, capacity 15787K, committed 16256K, reserved 1048576K
GC Heap History (10 events):
Event: 34365.565 GC heap after
Heap after GC invocations=130 (full 14):
 PSYoungGen      total 642048K, used 17071K [0x00000000d5580000, 0x00000000ffa00000, 0x0000000100000000)
  eden space 593408K, 0% used [0x00000000d5580000,0x00000000d5580000,0x00000000f9900000)
  from space 48640K, 35% used [0x00000000fca80000,0x00000000fdb2bfe0,0x00000000ffa00000)
  to   space 49664K, 0% used [0x00000000f9900000,0x00000000f9900000,0x00000000fc980000)
 ParOldGen       total 361472K, used 296044K [0x0000000080000000, 0x0000000096100000, 0x00000000d5580000)
  object space 361472K, 81% used [0x0000000080000000,0x000000009211b008,0x0000000096100000)
 Metaspace       used 111746K, capacity 119610K, committed 122880K, reserved 1157120K
  class space    used 14249K, capacity 15527K, committed 16128K, reserved 1048576K
}
Event: 34406.222 GC heap before
{Heap before GC invocations=131 (full 14):
 PSYoungGen      total 642048K, used 610479K [0x00000000d5580000, 0x00000000ffa00000, 0x0000000100000000)
  eden space 593408K, 100% used [0x00000000d5580000,0x00000000f9900000,0x00000000f9900000)
  from space 48640K, 35% used [0x00000000fca80000,0x00000000fdb2bfe0,0x00000000ffa00000)
  to   space 49664K, 0% used [0x00000000f9900000,0x00000000f9900000,0x00000000fc980000)
 ParOldGen       total 361472K, used 296044K [0x0000000080000000, 0x0000000096100000, 0x00000000d5580000)
  object space 361472K, 81% used [0x0000000080000000,0x000000009211b008,0x0000000096100000)
 Metaspace       used 112134K, capacity 120362K, committed 123136K, reserved 1157120K
  class space    used 14320K, capacity 15645K, committed 16128K, reserved 1048576K
Event: 34406.233 GC heap after
Heap after GC invocations=131 (full 14):
 PSYoungGen      total 643072K, used 28618K [0x00000000d5580000, 0x0000000100000000, 0x0000000100000000)
  eden space 593408K, 0% used [0x00000000d5580000,0x00000000d5580000,0x00000000f9900000)
  from space 49664K, 57% used [0x00000000f9900000,0x00000000fb4f2918,0x00000000fc980000)
  to   space 49664K, 0% used [0x00000000fcf80000,0x00000000fcf80000,0x0000000100000000)
 ParOldGen       total 361472K, used 296052K [0x0000000080000000, 0x0000000096100000, 0x00000000d5580000)
  object space 361472K, 81% used [0x0000000080000000,0x000000009211d008,0x0000000096100000)
 Metaspace       used 112134K, capacity 120362K, committed 123136K, reserved 1157120K
  class space    used 14320K, capacity 15645K, committed 16128K, reserved 1048576K
}
Event: 34410.051 GC heap before
{Heap before GC invocations=132 (full 14):
 PSYoungGen      total 643072K, used 622026K [0x00000000d5580000, 0x0000000100000000, 0x0000000100000000)
  eden space 593408K, 100% used [0x00000000d5580000,0x00000000f9900000,0x00000000f9900000)
  from space 49664K, 57% used [0x00000000f9900000,0x00000000fb4f2918,0x00000000fc980000)
  to   space 49664K, 0% used [0x00000000fcf80000,0x00000000fcf80000,0x0000000100000000)
 ParOldGen       total 361472K, used 296052K [0x0000000080000000, 0x0000000096100000, 0x00000000d5580000)
  object space 361472K, 81% used [0x0000000080000000,0x000000009211d008,0x0000000096100000)
 Metaspace       used 112563K, capacity 120834K, committed 123392K, reserved 1157120K
  class space    used 14363K, capacity 15702K, committed 16128K, reserved 1048576K
Event: 34410.071 GC heap after
Heap after GC invocations=132 (full 14):
 PSYoungGen      total 627712K, used 49653K [0x00000000d5580000, 0x0000000100000000, 0x0000000100000000)
  eden space 578048K, 0% used [0x00000000d5580000,0x00000000d5580000,0x00000000f8a00000)
  from space 49664K, 99% used [0x00000000fcf80000,0x00000000ffffd490,0x0000000100000000)
  to   space 60416K, 0% used [0x00000000f8a00000,0x00000000f8a00000,0x00000000fc500000)
 ParOldGen       total 361472K, used 304260K [0x0000000080000000, 0x0000000096100000, 0x00000000d5580000)
  object space 361472K, 84% used [0x0000000080000000,0x0000000092921138,0x0000000096100000)
 Metaspace       used 112563K, capacity 120834K, committed 123392K, reserved 1157120K
  class space    used 14363K, capacity 15702K, committed 16128K, reserved 1048576K
}
Event: 34410.589 GC heap before
{Heap before GC invocations=133 (full 14):
 PSYoungGen      total 627712K, used 627701K [0x00000000d5580000, 0x0000000100000000, 0x0000000100000000)
  eden space 578048K, 100% used [0x00000000d5580000,0x00000000f8a00000,0x00000000f8a00000)
  from space 49664K, 99% used [0x00000000fcf80000,0x00000000ffffd490,0x0000000100000000)
  to   space 60416K, 0% used [0x00000000f8a00000,0x00000000f8a00000,0x00000000fc500000)
 ParOldGen       total 361472K, used 304260K [0x0000000080000000, 0x0000000096100000, 0x00000000d5580000)
  object space 361472K, 84% used [0x0000000080000000,0x0000000092921138,0x0000000096100000)
 Metaspace       used 113212K, capacity 121544K, committed 124032K, reserved 1157120K
  class space    used 14455K, capacity 15787K, committed 16256K, reserved 1048576K
Event: 34410.607 GC heap after
Heap after GC invocations=133 (full 14):
 PSYoungGen      total 631296K, used 52819K [0x00000000d5580000, 0x0000000100000000, 0x0000000100000000)
  eden space 578048K, 0% used [0x00000000d5580000,0x00000000d5580000,0x00000000f8a00000)
  from space 53248K, 99% used [0x00000000f8a00000,0x00000000fbd94e68,0x00000000fbe00000)
  to   space 67072K, 0% used [0x00000000fbe80000,0x00000000fbe80000,0x0000000100000000)
 ParOldGen       total 361472K, used 306855K [0x0000000080000000, 0x0000000096100000, 0x00000000d5580000)
  object space 361472K, 84% used [0x0000000080000000,0x0000000092ba9cd0,0x0000000096100000)
 Metaspace       used 113212K, capacity 121544K, committed 124032K, reserved 1157120K
  class space    used 14455K, capacity 15787K, committed 16256K, reserved 1048576K
}
Event: 34411.011 GC heap before
{Heap before GC invocations=134 (full 14):
 PSYoungGen      total 631296K, used 630867K [0x00000000d5580000, 0x0000000100000000, 0x0000000100000000)
  eden space 578048K, 100% used [0x00000000d5580000,0x00000000f8a00000,0x00000000f8a00000)
  from space 53248K, 99% used [0x00000000f8a00000,0x00000000fbd94e68,0x00000000fbe00000)
  to   space 67072K, 0% used [0x00000000fbe80000,0x00000000fbe80000,0x0000000100000000)
 ParOldGen       total 361472K, used 306855K [0x0000000080000000, 0x0000000096100000, 0x00000000d5580000)
  object space 361472K, 84% used [0x0000000080000000,0x0000000092ba9cd0,0x0000000096100000)
 Metaspace       used 113219K, capacity 121544K, committed 124032K, reserved 1157120K
  class space    used 14456K, capacity 15787K, committed 16256K, reserved 1048576K
Event: 34411.079 GC heap after
Heap after GC invocations=134 (full 14):
 PSYoungGen      total 514048K, used 67045K [0x00000000d5580000, 0x0000000100000000, 0x0000000100000000)
  eden space 446976K, 0% used [0x00000000d5580000,0x00000000d5580000,0x00000000f0a00000)
  from space 67072K, 99% used [0x00000000fbe80000,0x00000000ffff95c0,0x0000000100000000)
  to   space 125952K, 0% used [0x00000000f0a00000,0x00000000f0a00000,0x00000000f8500000)
 ParOldGen       total 437248K, used 436778K [0x0000000080000000, 0x000000009ab00000, 0x00000000d5580000)
  object space 437248K, 99% used [0x0000000080000000,0x000000009aa8aa80,0x000000009ab00000)
 Metaspace       used 113219K, capacity 121544K, committed 124032K, reserved 1157120K
  class space    used 14456K, capacity 15787K, committed 16256K, reserved 1048576K
}
Event: 34411.079 GC heap before
{Heap before GC invocations=135 (full 15):
 PSYoungGen      total 514048K, used 67045K [0x00000000d5580000, 0x0000000100000000, 0x0000000100000000)
  eden space 446976K, 0% used [0x00000000d5580000,0x00000000d5580000,0x00000000f0a00000)
  from space 67072K, 99% used [0x00000000fbe80000,0x00000000ffff95c0,0x0000000100000000)
  to   space 125952K, 0% used [0x00000000f0a00000,0x00000000f0a00000,0x00000000f8500000)
 ParOldGen       total 437248K, used 436778K [0x0000000080000000, 0x000000009ab00000, 0x00000000d5580000)
  object space 437248K, 99% used [0x0000000080000000,0x000000009aa8aa80,0x000000009ab00000)
 Metaspace       used 113219K, capacity 121544K, committed 124032K, reserved 1157120K
  class space    used 14456K, capacity 15787K, committed 16256K, reserved 1048576K

