# JRE version: OpenJDK Runtime Environment (8.0_362-b09) (build 1.8.0_362-b09)
# Java VM: OpenJDK 64-Bit Server VM (25.362-b09 mixed mode windows-amd64 compressed oops)
Heap:
 PSYoungGen      total 244736K, used 156587K [0x00000000d5580000, 0x00000000e9580000, 0x0000000100000000)
  eden space 223744K, 69% used [0x00000000d5580000,0x00000000dee6ada0,0x00000000e3000000)
  from space 20992K, 0% used [0x00000000e4400000,0x00000000e4400000,0x00000000e5880000)
  to   space 20480K, 0% used [0x00000000e3000000,0x00000000e3000000,0x00000000e4400000)
 ParOldGen       total 173568K, used 32003K [0x0000000080000000, 0x000000008a980000, 0x00000000d5580000)
  object space 173568K, 18% used [0x0000000080000000,0x0000000081f40c00,0x000000008a980000)
 Metaspace       used 63977K, capacity 66372K, committed 66560K, reserved 1105920K
  class space    used 8905K, capacity 9457K, committed 9472K, reserved 1048576K
GC Heap History (10 events):
Event: 2.369 GC heap before
{Heap before GC invocations=9 (full 2):
 PSYoungGen      total 128512K, used 9765K [0x00000000d5580000, 0x00000000e3700000, 0x0000000100000000)
  eden space 116224K, 0% used [0x00000000d5580000,0x00000000d5580000,0x00000000dc700000)
  from space 12288K, 79% used [0x00000000dc700000,0x00000000dd089450,0x00000000dd300000)
  to   space 12800K, 0% used [0x00000000e2a80000,0x00000000e2a80000,0x00000000e3700000)
 ParOldGen       total 83456K, used 6928K [0x0000000080000000, 0x0000000085180000, 0x00000000d5580000)
  object space 83456K, 8% used [0x0000000080000000,0x00000000806c43c0,0x0000000085180000)
 Metaspace       used 34532K, capacity 35420K, committed 35496K, reserved 1079296K
  class space    used 4842K, capacity 5066K, committed 5120K, reserved 1048576K
Event: 2.414 GC heap after
Heap after GC invocations=9 (full 2):
 PSYoungGen      total 128512K, used 0K [0x00000000d5580000, 0x00000000e3700000, 0x0000000100000000)
  eden space 116224K, 0% used [0x00000000d5580000,0x00000000d5580000,0x00000000dc700000)
  from space 12288K, 0% used [0x00000000dc700000,0x00000000dc700000,0x00000000dd300000)
  to   space 12800K, 0% used [0x00000000e2a80000,0x00000000e2a80000,0x00000000e3700000)
 ParOldGen       total 126464K, used 16210K [0x0000000080000000, 0x0000000087b80000, 0x00000000d5580000)
  object space 126464K, 12% used [0x0000000080000000,0x0000000080fd4b30,0x0000000087b80000)
 Metaspace       used 34532K, capacity 35420K, committed 35496K, reserved 1079296K
  class space    used 4842K, capacity 5066K, committed 5120K, reserved 1048576K
}
Event: 3.049 GC heap before
{Heap before GC invocations=10 (full 2):
 PSYoungGen      total 128512K, used 116224K [0x00000000d5580000, 0x00000000e3700000, 0x0000000100000000)
  eden space 116224K, 100% used [0x00000000d5580000,0x00000000dc700000,0x00000000dc700000)
  from space 12288K, 0% used [0x00000000dc700000,0x00000000dc700000,0x00000000dd300000)
  to   space 12800K, 0% used [0x00000000e2a80000,0x00000000e2a80000,0x00000000e3700000)
 ParOldGen       total 126464K, used 16210K [0x0000000080000000, 0x0000000087b80000, 0x00000000d5580000)
  object space 126464K, 12% used [0x0000000080000000,0x0000000080fd4b30,0x0000000087b80000)
 Metaspace       used 43407K, capacity 45014K, committed 45312K, reserved 1087488K
  class space    used 5984K, capacity 6352K, committed 6400K, reserved 1048576K
Event: 3.055 GC heap after
Heap after GC invocations=10 (full 2):
 PSYoungGen      total 187392K, used 12799K [0x00000000d5580000, 0x00000000e3700000, 0x0000000100000000)
  eden space 174592K, 0% used [0x00000000d5580000,0x00000000d5580000,0x00000000e0000000)
  from space 12800K, 99% used [0x00000000e2a80000,0x00000000e36ffe88,0x00000000e3700000)
  to   space 14336K, 0% used [0x00000000e1b00000,0x00000000e1b00000,0x00000000e2900000)
 ParOldGen       total 126464K, used 16595K [0x0000000080000000, 0x0000000087b80000, 0x00000000d5580000)
  object space 126464K, 13% used [0x0000000080000000,0x0000000081034c00,0x0000000087b80000)
 Metaspace       used 43407K, capacity 45014K, committed 45312K, reserved 1087488K
  class space    used 5984K, capacity 6352K, committed 6400K, reserved 1048576K
}
Event: 4.018 GC heap before
{Heap before GC invocations=11 (full 2):
 PSYoungGen      total 187392K, used 187391K [0x00000000d5580000, 0x00000000e3700000, 0x0000000100000000)
  eden space 174592K, 100% used [0x00000000d5580000,0x00000000e0000000,0x00000000e0000000)
  from space 12800K, 99% used [0x00000000e2a80000,0x00000000e36ffe88,0x00000000e3700000)
  to   space 14336K, 0% used [0x00000000e1b00000,0x00000000e1b00000,0x00000000e2900000)
 ParOldGen       total 126464K, used 16595K [0x0000000080000000, 0x0000000087b80000, 0x00000000d5580000)
  object space 126464K, 13% used [0x0000000080000000,0x0000000081034c00,0x0000000087b80000)
 Metaspace       used 56760K, capacity 58812K, committed 59008K, reserved 1099776K
  class space    used 7838K, capacity 8320K, committed 8320K, reserved 1048576K
Event: 4.030 GC heap after
Heap after GC invocations=11 (full 2):
 PSYoungGen      total 216576K, used 14320K [0x00000000d5580000, 0x00000000e5880000, 0x0000000100000000)
  eden space 202240K, 0% used [0x00000000d5580000,0x00000000d5580000,0x00000000e1b00000)
  from space 14336K, 99% used [0x00000000e1b00000,0x00000000e28fc040,0x00000000e2900000)
  to   space 20992K, 0% used [0x00000000e4400000,0x00000000e4400000,0x00000000e5880000)
 ParOldGen       total 126464K, used 29777K [0x0000000080000000, 0x0000000087b80000, 0x00000000d5580000)
  object space 126464K, 23% used [0x0000000080000000,0x0000000081d14518,0x0000000087b80000)
 Metaspace       used 56760K, capacity 58812K, committed 59008K, reserved 1099776K
  class space    used 7838K, capacity 8320K, committed 8320K, reserved 1048576K
}
Event: 4.053 GC heap before
{Heap before GC invocations=12 (full 2):
 PSYoungGen      total 216576K, used 22108K [0x00000000d5580000, 0x00000000e5880000, 0x0000000100000000)
  eden space 202240K, 3% used [0x00000000d5580000,0x00000000d5d1afc8,0x00000000e1b00000)
  from space 14336K, 99% used [0x00000000e1b00000,0x00000000e28fc040,0x00000000e2900000)
  to   space 20992K, 0% used [0x00000000e4400000,0x00000000e4400000,0x00000000e5880000)
 ParOldGen       total 126464K, used 29777K [0x0000000080000000, 0x0000000087b80000, 0x00000000d5580000)
  object space 126464K, 23% used [0x0000000080000000,0x0000000081d14518,0x0000000087b80000)
 Metaspace       used 56950K, capacity 58990K, committed 59136K, reserved 1099776K
  class space    used 7862K, capacity 8355K, committed 8448K, reserved 1048576K
Event: 4.059 GC heap after
Heap after GC invocations=12 (full 2):
 PSYoungGen      total 244736K, used 9279K [0x00000000d5580000, 0x00000000e9580000, 0x0000000100000000)
  eden space 223744K, 0% used [0x00000000d5580000,0x00000000d5580000,0x00000000e3000000)
  from space 20992K, 44% used [0x00000000e4400000,0x00000000e4d0fe10,0x00000000e5880000)
  to   space 20480K, 0% used [0x00000000e3000000,0x00000000e3000000,0x00000000e4400000)
 ParOldGen       total 126464K, used 35625K [0x0000000080000000, 0x0000000087b80000, 0x00000000d5580000)
  object space 126464K, 28% used [0x0000000080000000,0x00000000822ca6c0,0x0000000087b80000)
 Metaspace       used 56950K, capacity 58990K, committed 59136K, reserved 1099776K
  class space    used 7862K, capacity 8355K, committed 8448K, reserved 1048576K
}
Event: 4.059 GC heap before
{Heap before GC invocations=13 (full 3):
 PSYoungGen      total 244736K, used 9279K [0x00000000d5580000, 0x00000000e9580000, 0x0000000100000000)
  eden space 223744K, 0% used [0x00000000d5580000,0x00000000d5580000,0x00000000e3000000)
  from space 20992K, 44% used [0x00000000e4400000,0x00000000e4d0fe10,0x00000000e5880000)
  to   space 20480K, 0% used [0x00000000e3000000,0x00000000e3000000,0x00000000e4400000)
 ParOldGen       total 126464K, used 35625K [0x0000000080000000, 0x0000000087b80000, 0x00000000d5580000)
  object space 126464K, 28% used [0x0000000080000000,0x00000000822ca6c0,0x0000000087b80000)
 Metaspace       used 56950K, capacity 58990K, committed 59136K, reserved 1099776K
  class space    used 7862K, capacity 8355K, committed 8448K, reserved 1048576K
Event: 4.177 GC heap after
Heap after GC invocations=13 (full 3):
 PSYoungGen      total 244736K, used 0K [0x00000000d5580000, 0x00000000e9580000, 0x0000000100000000)
  eden space 223744K, 0% used [0x00000000d5580000,0x00000000d5580000,0x00000000e3000000)
  from space 20992K, 0% used [0x00000000e4400000,0x00000000e4400000,0x00000000e5880000)
  to   space 20480K, 0% used [0x00000000e3000000,0x00000000e3000000,0x00000000e4400000)
 ParOldGen       total 173568K, used 32003K [0x0000000080000000, 0x000000008a980000, 0x00000000d5580000)
  object space 173568K, 18% used [0x0000000080000000,0x0000000081f40c00,0x000000008a980000)
 Metaspace       used 56905K, capacity 58840K, committed 59136K, reserved 1099776K
  class space    used 7848K, capacity 8330K, committed 8448K, reserved 1048576K
}

